<?xml version="1.0" encoding="UTF-8"?>
<!-- Generated by org.testng.reporters.JUnitReportReporter -->
<testsuite hostname="WKWIN1035567" name="com.qa.test.GetTest" tests="2" failures="0" timestamp="18 Apr 2018 10:11:36 GMT" time="14.650" errors="0">
  <testcase name="verifyuserInfo" time="3.577" classname="com.qa.test.GetTest"/>
  <testcase name="getResponseWithHeader" time="11.073" classname="com.qa.test.GetTest"/>
</testsuite> <!-- com.qa.test.GetTest -->
