<?xml version="1.0" encoding="UTF-8"?>
<!-- Generated by org.testng.reporters.JUnitReportReporter -->
<testsuite hostname="WKWIN1035567" name="com.qa.test.GetTest" tests="2" failures="0" timestamp="19 Apr 2018 08:58:31 GMT" time="1.949" errors="0">
  <testcase name="verifyuserInfo" time="0.607" classname="com.qa.test.GetTest"/>
  <testcase name="getResponseWithHeader" time="1.342" classname="com.qa.test.GetTest"/>
</testsuite> <!-- com.qa.test.GetTest -->
