<?xml version="1.0" encoding="UTF-8"?>
<!-- Generated by org.testng.reporters.JUnitReportReporter -->
<testsuite hostname="WKWIN1035567" name="com.qa.test.GetTest" tests="1" failures="0" timestamp="17 Apr 2018 08:17:30 GMT" time="4.889" errors="0">
  <testcase name="verifyuserInfo" time="4.889" classname="com.qa.test.GetTest"/>
</testsuite> <!-- com.qa.test.GetTest -->
